INFO  - 2017-07-12 18:31:48.739; [   ] org.eclipse.jetty.util.log.Log; Logging initialized @356ms
INFO  - 2017-07-12 18:31:48.946; [   ] org.eclipse.jetty.server.Server; jetty-9.2.10.v20150310
WARN  - 2017-07-12 18:31:48.968; [   ] org.eclipse.jetty.server.handler.RequestLogHandler; !RequestLog
INFO  - 2017-07-12 18:31:48.972; [   ] org.eclipse.jetty.deploy.providers.ScanningAppProvider; Deployment monitor [file:/Users/adeelkamalmalik/Downloads/solr-5.2.0/server/contexts/] at interval 0
INFO  - 2017-07-12 18:31:49.453; [   ] org.eclipse.jetty.webapp.StandardDescriptorProcessor; NO JSP Support for /solr, did not find org.apache.jasper.servlet.JspServlet
WARN  - 2017-07-12 18:31:49.471; [   ] org.eclipse.jetty.security.ConstraintSecurityHandler; ServletContext@o.e.j.w.WebAppContext@6767c1fc{/solr,file:/Users/adeelkamalmalik/Downloads/solr-5.2.0/server/solr-webapp/webapp/,STARTING}{/solr.war} has uncovered http methods for path: /
INFO  - 2017-07-12 18:31:49.492; [   ] org.apache.solr.servlet.SolrDispatchFilter; SolrDispatchFilter.init()WebAppClassLoader=94345706@59f99ea
INFO  - 2017-07-12 18:31:49.504; [   ] org.apache.solr.core.SolrResourceLoader; JNDI not configured for solr (NoInitialContextEx)
INFO  - 2017-07-12 18:31:49.504; [   ] org.apache.solr.core.SolrResourceLoader; using system property solr.solr.home: /Users/adeelkamalmalik/Downloads/solr-5.2.0/server/solr
INFO  - 2017-07-12 18:31:49.505; [   ] org.apache.solr.core.SolrResourceLoader; new SolrResourceLoader for directory: '/Users/adeelkamalmalik/Downloads/solr-5.2.0/server/solr/'
INFO  - 2017-07-12 18:31:49.625; [   ] org.apache.solr.core.SolrXmlConfig; Loading container configuration from /Users/adeelkamalmalik/Downloads/solr-5.2.0/server/solr/solr.xml
INFO  - 2017-07-12 18:31:49.697; [   ] org.apache.solr.core.CorePropertiesLocator; Config-defined core root directory: /Users/adeelkamalmalik/Downloads/solr-5.2.0/server/solr
INFO  - 2017-07-12 18:31:49.718; [   ] org.apache.solr.core.CoreContainer; New CoreContainer 1939990953
INFO  - 2017-07-12 18:31:49.719; [   ] org.apache.solr.core.CoreContainer; Loading cores into CoreContainer [instanceDir=/Users/adeelkamalmalik/Downloads/solr-5.2.0/server/solr/]
INFO  - 2017-07-12 18:31:49.719; [   ] org.apache.solr.core.CoreContainer; loading shared library: /Users/adeelkamalmalik/Downloads/solr-5.2.0/server/solr/lib
WARN  - 2017-07-12 18:31:49.720; [   ] org.apache.solr.core.SolrResourceLoader; Can't find (or read) directory to add to classloader: lib (resolved as: /Users/adeelkamalmalik/Downloads/solr-5.2.0/server/solr/lib).
INFO  - 2017-07-12 18:31:49.741; [   ] org.apache.solr.handler.component.HttpShardHandlerFactory; created with socketTimeout : 600000,connTimeout : 60000,maxConnectionsPerHost : 20,maxConnections : 10000,corePoolSize : 0,maximumPoolSize : 2147483647,maxThreadIdleTime : 5,sizeOfQueue : -1,fairnessPolicy : false,useRetries : false,
INFO  - 2017-07-12 18:31:50.037; [   ] org.apache.solr.update.UpdateShardHandler; Creating UpdateShardHandler HTTP client with params: socketTimeout=600000&connTimeout=60000&retry=true
INFO  - 2017-07-12 18:31:50.039; [   ] org.apache.solr.logging.LogWatcher; SLF4J impl is org.slf4j.impl.Log4jLoggerFactory
INFO  - 2017-07-12 18:31:50.041; [   ] org.apache.solr.logging.LogWatcher; Registering Log Listener [Log4j (org.slf4j.impl.Log4jLoggerFactory)]
INFO  - 2017-07-12 18:31:50.042; [   ] org.apache.solr.core.CoreContainer; Node Name: 
INFO  - 2017-07-12 18:31:50.042; [   ] org.apache.solr.core.CoreContainer; No authentication plugin used.
INFO  - 2017-07-12 18:31:50.071; [   ] org.apache.solr.core.CorePropertiesLocator; Looking for core definitions underneath /Users/adeelkamalmalik/Downloads/solr-5.2.0/server/solr
INFO  - 2017-07-12 18:31:50.090; [   ] org.apache.solr.core.CoreDescriptor; CORE DESCRIPTOR: {name=archive_estcstar, config=solrconfig.xml, instanceDir=/Users/adeelkamalmalik/Downloads/solr-5.2.0/server/solr/archives, loadOnStartup=true, absoluteInstDir=/Users/adeelkamalmalik/Downloads/solr-5.2.0/server/solr/archives/, schema=schema.xml, transient=false, dataDir=archive_estcstar}
INFO  - 2017-07-12 18:31:50.091; [   ] org.apache.solr.core.CorePropertiesLocator; Found core archive_estcstar in /Users/adeelkamalmalik/Downloads/solr-5.2.0/server/solr/archives/
INFO  - 2017-07-12 18:31:50.095; [   ] org.apache.solr.core.CorePropertiesLocator; Found 1 core definitions
INFO  - 2017-07-12 18:31:50.098; [   ] org.apache.solr.core.SolrResourceLoader; new SolrResourceLoader for directory: '/Users/adeelkamalmalik/Downloads/solr-5.2.0/server/solr/archives/'
INFO  - 2017-07-12 18:31:50.170; [   ] org.apache.solr.core.SolrConfig; current version of requestparams : -1
INFO  - 2017-07-12 18:31:50.175; [   ] org.apache.solr.core.SolrConfig; Adding specified lib dirs to ClassLoader
INFO  - 2017-07-12 18:31:50.177; [   ] org.apache.solr.core.SolrResourceLoader; Adding 'file:/Users/adeelkamalmalik/Downloads/solr-5.2.0/dist/solr-dataimporthandler-5.2.0.jar' to classloader
INFO  - 2017-07-12 18:31:50.177; [   ] org.apache.solr.core.SolrResourceLoader; Adding 'file:/Users/adeelkamalmalik/Downloads/solr-5.2.0/dist/solr-dataimporthandler-extras-5.2.0.jar' to classloader
INFO  - 2017-07-12 18:31:50.178; [   ] org.apache.solr.core.SolrResourceLoader; Adding 'file:/Users/adeelkamalmalik/Downloads/solr-5.2.0/contrib/extraction/lib/apache-mime4j-core-0.7.2.jar' to classloader
INFO  - 2017-07-12 18:31:50.179; [   ] org.apache.solr.core.SolrResourceLoader; Adding 'file:/Users/adeelkamalmalik/Downloads/solr-5.2.0/contrib/extraction/lib/apache-mime4j-dom-0.7.2.jar' to classloader
INFO  - 2017-07-12 18:31:50.179; [   ] org.apache.solr.core.SolrResourceLoader; Adding 'file:/Users/adeelkamalmalik/Downloads/solr-5.2.0/contrib/extraction/lib/aspectjrt-1.8.0.jar' to classloader
INFO  - 2017-07-12 18:31:50.179; [   ] org.apache.solr.core.SolrResourceLoader; Adding 'file:/Users/adeelkamalmalik/Downloads/solr-5.2.0/contrib/extraction/lib/bcmail-jdk15-1.45.jar' to classloader
INFO  - 2017-07-12 18:31:50.180; [   ] org.apache.solr.core.SolrResourceLoader; Adding 'file:/Users/adeelkamalmalik/Downloads/solr-5.2.0/contrib/extraction/lib/bcprov-jdk15-1.45.jar' to classloader
INFO  - 2017-07-12 18:31:50.180; [   ] org.apache.solr.core.SolrResourceLoader; Adding 'file:/Users/adeelkamalmalik/Downloads/solr-5.2.0/contrib/extraction/lib/boilerpipe-1.1.0.jar' to classloader
INFO  - 2017-07-12 18:31:50.180; [   ] org.apache.solr.core.SolrResourceLoader; Adding 'file:/Users/adeelkamalmalik/Downloads/solr-5.2.0/contrib/extraction/lib/commons-compress-1.8.1.jar' to classloader
INFO  - 2017-07-12 18:31:50.180; [   ] org.apache.solr.core.SolrResourceLoader; Adding 'file:/Users/adeelkamalmalik/Downloads/solr-5.2.0/contrib/extraction/lib/fontbox-1.8.8.jar' to classloader
INFO  - 2017-07-12 18:31:50.180; [   ] org.apache.solr.core.SolrResourceLoader; Adding 'file:/Users/adeelkamalmalik/Downloads/solr-5.2.0/contrib/extraction/lib/icu4j-54.1.jar' to classloader
INFO  - 2017-07-12 18:31:50.181; [   ] org.apache.solr.core.SolrResourceLoader; Adding 'file:/Users/adeelkamalmalik/Downloads/solr-5.2.0/contrib/extraction/lib/isoparser-1.0.2.jar' to classloader
INFO  - 2017-07-12 18:31:50.181; [   ] org.apache.solr.core.SolrResourceLoader; Adding 'file:/Users/adeelkamalmalik/Downloads/solr-5.2.0/contrib/extraction/lib/java-libpst-0.8.1.jar' to classloader
INFO  - 2017-07-12 18:31:50.181; [   ] org.apache.solr.core.SolrResourceLoader; Adding 'file:/Users/adeelkamalmalik/Downloads/solr-5.2.0/contrib/extraction/lib/jdom-1.0.jar' to classloader
INFO  - 2017-07-12 18:31:50.181; [   ] org.apache.solr.core.SolrResourceLoader; Adding 'file:/Users/adeelkamalmalik/Downloads/solr-5.2.0/contrib/extraction/lib/jempbox-1.8.8.jar' to classloader
INFO  - 2017-07-12 18:31:50.181; [   ] org.apache.solr.core.SolrResourceLoader; Adding 'file:/Users/adeelkamalmalik/Downloads/solr-5.2.0/contrib/extraction/lib/jmatio-1.0.jar' to classloader
INFO  - 2017-07-12 18:31:50.182; [   ] org.apache.solr.core.SolrResourceLoader; Adding 'file:/Users/adeelkamalmalik/Downloads/solr-5.2.0/contrib/extraction/lib/juniversalchardet-1.0.3.jar' to classloader
INFO  - 2017-07-12 18:31:50.182; [   ] org.apache.solr.core.SolrResourceLoader; Adding 'file:/Users/adeelkamalmalik/Downloads/solr-5.2.0/contrib/extraction/lib/metadata-extractor-2.6.2.jar' to classloader
INFO  - 2017-07-12 18:31:50.182; [   ] org.apache.solr.core.SolrResourceLoader; Adding 'file:/Users/adeelkamalmalik/Downloads/solr-5.2.0/contrib/extraction/lib/pdfbox-1.8.8.jar' to classloader
INFO  - 2017-07-12 18:31:50.182; [   ] org.apache.solr.core.SolrResourceLoader; Adding 'file:/Users/adeelkamalmalik/Downloads/solr-5.2.0/contrib/extraction/lib/poi-3.11.jar' to classloader
INFO  - 2017-07-12 18:31:50.183; [   ] org.apache.solr.core.SolrResourceLoader; Adding 'file:/Users/adeelkamalmalik/Downloads/solr-5.2.0/contrib/extraction/lib/poi-ooxml-3.11.jar' to classloader
INFO  - 2017-07-12 18:31:50.183; [   ] org.apache.solr.core.SolrResourceLoader; Adding 'file:/Users/adeelkamalmalik/Downloads/solr-5.2.0/contrib/extraction/lib/poi-ooxml-schemas-3.11.jar' to classloader
INFO  - 2017-07-12 18:31:50.183; [   ] org.apache.solr.core.SolrResourceLoader; Adding 'file:/Users/adeelkamalmalik/Downloads/solr-5.2.0/contrib/extraction/lib/poi-scratchpad-3.11.jar' to classloader
INFO  - 2017-07-12 18:31:50.183; [   ] org.apache.solr.core.SolrResourceLoader; Adding 'file:/Users/adeelkamalmalik/Downloads/solr-5.2.0/contrib/extraction/lib/rome-1.0.jar' to classloader
INFO  - 2017-07-12 18:31:50.184; [   ] org.apache.solr.core.SolrResourceLoader; Adding 'file:/Users/adeelkamalmalik/Downloads/solr-5.2.0/contrib/extraction/lib/tagsoup-1.2.1.jar' to classloader
INFO  - 2017-07-12 18:31:50.184; [   ] org.apache.solr.core.SolrResourceLoader; Adding 'file:/Users/adeelkamalmalik/Downloads/solr-5.2.0/contrib/extraction/lib/tika-core-1.7.jar' to classloader
INFO  - 2017-07-12 18:31:50.184; [   ] org.apache.solr.core.SolrResourceLoader; Adding 'file:/Users/adeelkamalmalik/Downloads/solr-5.2.0/contrib/extraction/lib/tika-java7-1.7.jar' to classloader
INFO  - 2017-07-12 18:31:50.184; [   ] org.apache.solr.core.SolrResourceLoader; Adding 'file:/Users/adeelkamalmalik/Downloads/solr-5.2.0/contrib/extraction/lib/tika-parsers-1.7.jar' to classloader
INFO  - 2017-07-12 18:31:50.185; [   ] org.apache.solr.core.SolrResourceLoader; Adding 'file:/Users/adeelkamalmalik/Downloads/solr-5.2.0/contrib/extraction/lib/tika-xmp-1.7.jar' to classloader
INFO  - 2017-07-12 18:31:50.185; [   ] org.apache.solr.core.SolrResourceLoader; Adding 'file:/Users/adeelkamalmalik/Downloads/solr-5.2.0/contrib/extraction/lib/vorbis-java-core-0.6.jar' to classloader
INFO  - 2017-07-12 18:31:50.185; [   ] org.apache.solr.core.SolrResourceLoader; Adding 'file:/Users/adeelkamalmalik/Downloads/solr-5.2.0/contrib/extraction/lib/vorbis-java-tika-0.6.jar' to classloader
INFO  - 2017-07-12 18:31:50.185; [   ] org.apache.solr.core.SolrResourceLoader; Adding 'file:/Users/adeelkamalmalik/Downloads/solr-5.2.0/contrib/extraction/lib/xercesImpl-2.9.1.jar' to classloader
INFO  - 2017-07-12 18:31:50.185; [   ] org.apache.solr.core.SolrResourceLoader; Adding 'file:/Users/adeelkamalmalik/Downloads/solr-5.2.0/contrib/extraction/lib/xmlbeans-2.6.0.jar' to classloader
INFO  - 2017-07-12 18:31:50.185; [   ] org.apache.solr.core.SolrResourceLoader; Adding 'file:/Users/adeelkamalmalik/Downloads/solr-5.2.0/contrib/extraction/lib/xmpcore-5.1.2.jar' to classloader
INFO  - 2017-07-12 18:31:50.186; [   ] org.apache.solr.core.SolrResourceLoader; Adding 'file:/Users/adeelkamalmalik/Downloads/solr-5.2.0/contrib/extraction/lib/xz-1.5.jar' to classloader
INFO  - 2017-07-12 18:31:50.186; [   ] org.apache.solr.core.SolrResourceLoader; Adding 'file:/Users/adeelkamalmalik/Downloads/solr-5.2.0/dist/solr-cell-5.2.0.jar' to classloader
INFO  - 2017-07-12 18:31:50.187; [   ] org.apache.solr.core.SolrResourceLoader; Adding 'file:/Users/adeelkamalmalik/Downloads/solr-5.2.0/contrib/clustering/lib/attributes-binder-1.2.1.jar' to classloader
INFO  - 2017-07-12 18:31:50.187; [   ] org.apache.solr.core.SolrResourceLoader; Adding 'file:/Users/adeelkamalmalik/Downloads/solr-5.2.0/contrib/clustering/lib/carrot2-mini-3.9.0.jar' to classloader
INFO  - 2017-07-12 18:31:50.187; [   ] org.apache.solr.core.SolrResourceLoader; Adding 'file:/Users/adeelkamalmalik/Downloads/solr-5.2.0/contrib/clustering/lib/hppc-0.5.2.jar' to classloader
INFO  - 2017-07-12 18:31:50.188; [   ] org.apache.solr.core.SolrResourceLoader; Adding 'file:/Users/adeelkamalmalik/Downloads/solr-5.2.0/contrib/clustering/lib/jackson-core-asl-1.9.13.jar' to classloader
INFO  - 2017-07-12 18:31:50.188; [   ] org.apache.solr.core.SolrResourceLoader; Adding 'file:/Users/adeelkamalmalik/Downloads/solr-5.2.0/contrib/clustering/lib/jackson-mapper-asl-1.9.13.jar' to classloader
INFO  - 2017-07-12 18:31:50.188; [   ] org.apache.solr.core.SolrResourceLoader; Adding 'file:/Users/adeelkamalmalik/Downloads/solr-5.2.0/contrib/clustering/lib/mahout-collections-1.0.jar' to classloader
INFO  - 2017-07-12 18:31:50.188; [   ] org.apache.solr.core.SolrResourceLoader; Adding 'file:/Users/adeelkamalmalik/Downloads/solr-5.2.0/contrib/clustering/lib/mahout-math-0.6.jar' to classloader
INFO  - 2017-07-12 18:31:50.188; [   ] org.apache.solr.core.SolrResourceLoader; Adding 'file:/Users/adeelkamalmalik/Downloads/solr-5.2.0/contrib/clustering/lib/simple-xml-2.7.jar' to classloader
INFO  - 2017-07-12 18:31:50.189; [   ] org.apache.solr.core.SolrResourceLoader; Adding 'file:/Users/adeelkamalmalik/Downloads/solr-5.2.0/dist/solr-clustering-5.2.0.jar' to classloader
INFO  - 2017-07-12 18:31:50.190; [   ] org.apache.solr.core.SolrResourceLoader; Adding 'file:/Users/adeelkamalmalik/Downloads/solr-5.2.0/contrib/langid/lib/jsonic-1.2.7.jar' to classloader
INFO  - 2017-07-12 18:31:50.190; [   ] org.apache.solr.core.SolrResourceLoader; Adding 'file:/Users/adeelkamalmalik/Downloads/solr-5.2.0/contrib/langid/lib/langdetect-1.1-20120112.jar' to classloader
INFO  - 2017-07-12 18:31:50.191; [   ] org.apache.solr.core.SolrResourceLoader; Adding 'file:/Users/adeelkamalmalik/Downloads/solr-5.2.0/dist/solr-langid-5.2.0.jar' to classloader
INFO  - 2017-07-12 18:31:50.191; [   ] org.apache.solr.core.SolrResourceLoader; Adding 'file:/Users/adeelkamalmalik/Downloads/solr-5.2.0/contrib/velocity/lib/commons-beanutils-1.8.3.jar' to classloader
INFO  - 2017-07-12 18:31:50.192; [   ] org.apache.solr.core.SolrResourceLoader; Adding 'file:/Users/adeelkamalmalik/Downloads/solr-5.2.0/contrib/velocity/lib/commons-collections-3.2.1.jar' to classloader
INFO  - 2017-07-12 18:31:50.192; [   ] org.apache.solr.core.SolrResourceLoader; Adding 'file:/Users/adeelkamalmalik/Downloads/solr-5.2.0/contrib/velocity/lib/velocity-1.7.jar' to classloader
INFO  - 2017-07-12 18:31:50.192; [   ] org.apache.solr.core.SolrResourceLoader; Adding 'file:/Users/adeelkamalmalik/Downloads/solr-5.2.0/contrib/velocity/lib/velocity-tools-2.0.jar' to classloader
INFO  - 2017-07-12 18:31:50.192; [   ] org.apache.solr.core.SolrResourceLoader; Adding 'file:/Users/adeelkamalmalik/Downloads/solr-5.2.0/dist/solr-velocity-5.2.0.jar' to classloader
INFO  - 2017-07-12 18:31:50.273; [   ] org.apache.solr.update.SolrIndexConfig; IndexWriter infoStream solr logging is enabled
INFO  - 2017-07-12 18:31:50.281; [   ] org.apache.solr.core.SolrConfig; Using Lucene MatchVersion: 5.2.0
INFO  - 2017-07-12 18:31:50.429; [   ] org.apache.solr.core.SolrConfig; Loaded SolrConfig: solrconfig.xml
INFO  - 2017-07-12 18:31:50.439; [   ] org.apache.solr.schema.IndexSchema; Reading Solr Schema from /Users/adeelkamalmalik/Downloads/solr-5.2.0/server/solr/archives/conf/schema.xml
INFO  - 2017-07-12 18:31:50.520; [   ] org.apache.solr.schema.IndexSchema; [archive_estcstar] Schema name=example-DIH-solr
WARN  - 2017-07-12 18:31:50.973; [   ] org.apache.solr.core.SolrResourceLoader; Solr loaded a deprecated plugin/analysis class [solr.ThaiWordFilterFactory]. Please consult documentation how to replace it accordingly.
INFO  - 2017-07-12 18:31:51.012; [   ] org.apache.solr.schema.IndexSchema; unique key field: uri
INFO  - 2017-07-12 18:31:51.088; [   ] org.apache.solr.schema.FileExchangeRateProvider; Reloading exchange rates from file currency.xml
INFO  - 2017-07-12 18:31:51.096; [   ] org.apache.solr.schema.FileExchangeRateProvider; Reloading exchange rates from file currency.xml
INFO  - 2017-07-12 18:31:51.184; [   ] org.apache.solr.core.CoreContainer; Creating SolrCore 'archive_estcstar' using configuration from instancedir /Users/adeelkamalmalik/Downloads/solr-5.2.0/server/solr/archives/
INFO  - 2017-07-12 18:31:51.186; [   archive_estcstar] org.apache.solr.core.SolrCore; solr.NRTCachingDirectoryFactory
INFO  - 2017-07-12 18:31:51.205; [   archive_estcstar] org.apache.solr.core.SolrCore; [[archive_estcstar] ] Opening new SolrCore at [/Users/adeelkamalmalik/Downloads/solr-5.2.0/server/solr/archives/], dataDir=[null]
INFO  - 2017-07-12 18:31:51.207; [   archive_estcstar] org.apache.solr.core.JmxMonitoredMap; No JMX servers found, not exposing Solr information with JMX.
INFO  - 2017-07-12 18:31:51.212; [   archive_estcstar] org.apache.solr.core.SolrCore; [[archive_estcstar] ] Added SolrEventListener for newSearcher: [org.apache.solr.core.QuerySenderListener{queries=[]}]
INFO  - 2017-07-12 18:31:51.214; [   archive_estcstar] org.apache.solr.core.SolrCore; [[archive_estcstar] ] Added SolrEventListener for firstSearcher: [org.apache.solr.core.QuerySenderListener{queries=[{q=static firstSearcher warming in solrconfig.xml}]}]
INFO  - 2017-07-12 18:31:51.238; [   archive_estcstar] org.apache.solr.core.CachingDirectoryFactory; return new directory for /Users/adeelkamalmalik/Downloads/solr-5.2.0/server/solr/archives/archive_estcstar
INFO  - 2017-07-12 18:31:51.239; [   archive_estcstar] org.apache.solr.core.SolrCore; New index directory detected: old=null new=/Users/adeelkamalmalik/Downloads/solr-5.2.0/server/solr/archives/archive_estcstar/index/
INFO  - 2017-07-12 18:31:51.239; [   archive_estcstar] org.apache.solr.core.CachingDirectoryFactory; return new directory for /Users/adeelkamalmalik/Downloads/solr-5.2.0/server/solr/archives/archive_estcstar/index
INFO  - 2017-07-12 18:31:51.255; [   archive_estcstar] org.apache.solr.core.PluginBag; queryResponseWriter : 'velocity' created with startup=lazy 
INFO  - 2017-07-12 18:31:51.257; [   archive_estcstar] org.apache.solr.response.XSLTResponseWriter; xsltCacheLifetimeSeconds=5
INFO  - 2017-07-12 18:31:51.355; [   archive_estcstar] org.apache.solr.core.SolrCore; no updateRequestProcessorChain defined as default, creating implicit default
INFO  - 2017-07-12 18:31:51.395; [   archive_estcstar] org.apache.solr.handler.loader.XMLLoader; xsltCacheLifetimeSeconds=60
INFO  - 2017-07-12 18:31:51.397; [   archive_estcstar] org.apache.solr.handler.loader.XMLLoader; xsltCacheLifetimeSeconds=60
INFO  - 2017-07-12 18:31:51.399; [   archive_estcstar] org.apache.solr.handler.loader.XMLLoader; xsltCacheLifetimeSeconds=60
INFO  - 2017-07-12 18:31:51.400; [   archive_estcstar] org.apache.solr.handler.loader.XMLLoader; xsltCacheLifetimeSeconds=60
INFO  - 2017-07-12 18:31:51.427; [   archive_estcstar] org.apache.solr.core.PluginBag; requestHandler : '/update/extract' created with startup=lazy 
INFO  - 2017-07-12 18:31:51.427; [   archive_estcstar] org.apache.solr.core.PluginBag; requestHandler : '/analysis/field' created with startup=lazy 
INFO  - 2017-07-12 18:31:51.427; [   archive_estcstar] org.apache.solr.core.PluginBag; requestHandler : '/analysis/document' created with startup=lazy 
INFO  - 2017-07-12 18:31:51.429; [   archive_estcstar] org.apache.solr.core.PluginBag; requestHandler : '/suggest' created with startup=lazy 
INFO  - 2017-07-12 18:31:51.429; [   archive_estcstar] org.apache.solr.core.PluginBag; requestHandler : '/tvrh' created with startup=lazy 
INFO  - 2017-07-12 18:31:51.429; [   archive_estcstar] org.apache.solr.core.PluginBag; requestHandler : '/terms' created with startup=lazy 
INFO  - 2017-07-12 18:31:51.430; [   archive_estcstar] org.apache.solr.core.PluginBag; requestHandler : '/elevate' created with startup=lazy 
INFO  - 2017-07-12 18:31:51.430; [   archive_estcstar] org.apache.solr.core.RequestHandlers; Registered paths: /admin/mbeans,/browse,/spellchecker,/update/json/docs,/admin/luke,/get,/admin/properties,/elevate,/update/json,/admin/threads,/query,/analysis/field,/analysis/document,/update/csv,/tvrh,/select,/admin/segments,/admin/system,/suggest,/replication,/config,/schema,/admin/plugins,/admin/logging,/admin/ping,/update,/admin/file,/debug/dump,/terms,/dataimport,/update/extract
INFO  - 2017-07-12 18:31:51.432; [   archive_estcstar] org.apache.solr.core.SolrCore; Using default statsCache cache: org.apache.solr.search.stats.LocalStatsCache
INFO  - 2017-07-12 18:31:51.440; [   archive_estcstar] org.apache.solr.update.UpdateHandler; Using UpdateLog implementation: org.apache.solr.update.UpdateLog
INFO  - 2017-07-12 18:31:51.441; [   archive_estcstar] org.apache.solr.update.UpdateLog; Initializing UpdateLog: dataDir= defaultSyncLevel=FLUSH numRecordsToKeep=100 maxNumLogsToKeep=10 numVersionBuckets=65536
INFO  - 2017-07-12 18:31:51.455; [   archive_estcstar] org.apache.solr.update.CommitTracker; Hard AutoCommit: if uncommited for 15000ms; 
INFO  - 2017-07-12 18:31:51.455; [   archive_estcstar] org.apache.solr.update.CommitTracker; Soft AutoCommit: disabled
INFO  - 2017-07-12 18:31:51.491; [   archive_estcstar] org.apache.solr.core.SolrDeletionPolicy; SolrDeletionPolicy.onInit: commits: num=1
	commit{dir=NRTCachingDirectory(MMapDirectory@/Users/adeelkamalmalik/Downloads/solr-5.2.0/server/solr/archives/archive_estcstar/index lockFactory=org.apache.lucene.store.NativeFSLockFactory@6f859bb5; maxCacheMB=48.0 maxMergeSizeMB=4.0),segFN=segments_m,generation=22}
INFO  - 2017-07-12 18:31:51.492; [   archive_estcstar] org.apache.solr.core.SolrDeletionPolicy; newest commit generation = 22
INFO  - 2017-07-12 18:31:51.529; [   archive_estcstar] org.apache.solr.search.SolrIndexSearcher; Opening Searcher@5b0971a0[archive_estcstar] main
INFO  - 2017-07-12 18:31:51.535; [   archive_estcstar] org.apache.solr.rest.ManagedResourceStorage$FileStorageIO; File-based storage initialized to use dir: /Users/adeelkamalmalik/Downloads/solr-5.2.0/server/solr/archives/conf
INFO  - 2017-07-12 18:31:51.536; [   archive_estcstar] org.apache.solr.rest.RestManager; Initializing RestManager with initArgs: {storageDir=/Users/adeelkamalmalik/Downloads/solr-5.2.0/server/solr/archives/conf}
INFO  - 2017-07-12 18:31:51.547; [   archive_estcstar] org.apache.solr.rest.ManagedResourceStorage; Reading _rest_managed.json using file:dir=/Users/adeelkamalmalik/Downloads/solr-5.2.0/server/solr/archives/conf
INFO  - 2017-07-12 18:31:51.548; [   archive_estcstar] org.apache.solr.rest.RestManager; Initializing 0 registered ManagedResources
INFO  - 2017-07-12 18:31:51.559; [   archive_estcstar] org.apache.solr.handler.component.SpellCheckComponent; Initializing spell checkers
INFO  - 2017-07-12 18:31:51.562; [   archive_estcstar] org.apache.solr.spelling.suggest.Suggester; init: {name=spellcheck,field=name_autocomplete,classname=org.apache.solr.spelling.suggest.Suggester,lookupImpl=org.apache.solr.spelling.suggest.tst.TSTLookupFactory,distanceMeasure=internal,accuracy=0.5,maxEdits=2,minPrefix=1,maxInspections=5,minQueryLength=4,maxQueryFrequency=0.01}
INFO  - 2017-07-12 18:31:51.572; [   archive_estcstar] org.apache.solr.handler.component.SpellCheckComponent; No queryConverter defined, using default converter
INFO  - 2017-07-12 18:31:51.575; [   archive_estcstar] org.apache.solr.handler.component.SuggestComponent; Initializing SuggestComponent
INFO  - 2017-07-12 18:31:51.577; [   archive_estcstar] org.apache.solr.spelling.suggest.SolrSuggester; init: {name=mySuggester,lookupImpl=FuzzyLookupFactory,dictionaryImpl=DocumentDictionaryFactory,field=cat,weightField=price,suggestAnalyzerFieldType=string}
INFO  - 2017-07-12 18:31:51.592; [   archive_estcstar] org.apache.solr.spelling.suggest.SolrSuggester; Dictionary loaded with params: {name=mySuggester,lookupImpl=FuzzyLookupFactory,dictionaryImpl=DocumentDictionaryFactory,field=cat,weightField=price,suggestAnalyzerFieldType=string}
INFO  - 2017-07-12 18:31:51.592; [   archive_estcstar] org.apache.solr.handler.component.SuggestComponent; Registering searcher listener for suggester: mySuggester - SuggesterListener [core=org.apache.solr.core.SolrCore@128fd319, suggester=SolrSuggester [ name=mySuggester, sourceLocation=null, storeDir=, lookupImpl=FuzzyLookupFactory, dictionaryImpl=DocumentDictionaryFactory, sizeInBytes=0 ], buildOnCommit=false, buildOnOptimize=false, buildOnStartup=true, isCoreReload=false]
INFO  - 2017-07-12 18:31:51.593; [   archive_estcstar] org.apache.solr.handler.component.QueryElevationComponent; Loading QueryElevation from: /Users/adeelkamalmalik/Downloads/solr-5.2.0/server/solr/archives/conf/elevate.xml
INFO  - 2017-07-12 18:31:51.604; [   archive_estcstar] org.apache.solr.handler.ReplicationHandler; Commits will be reserved for  10000
INFO  - 2017-07-12 18:31:51.609; [   archive_estcstar] org.apache.solr.core.QuerySenderListener; QuerySenderListener sending requests to Searcher@5b0971a0[archive_estcstar] main{ExitableDirectoryReader(UninvertingDirectoryReader(Uninverting(_a(5.2.0):C695)))}
INFO  - 2017-07-12 18:31:51.611; [   archive_estcstar] org.apache.solr.update.UpdateLog; Looking up max value of version field to seed version buckets
INFO  - 2017-07-12 18:31:51.612; [   archive_estcstar] org.apache.solr.update.VersionInfo; Refreshing highest value of _version_ for 65536 version buckets from index
INFO  - 2017-07-12 18:31:51.627; [   archive_estcstar] org.apache.solr.update.VersionInfo; Found MAX value 1572644021296168960 from Terms for _version_ in index
INFO  - 2017-07-12 18:31:51.631; [   archive_estcstar] org.apache.solr.update.UpdateLog; Took 20 ms to seed version buckets with highest version 1572644021296168960
INFO  - 2017-07-12 18:31:51.632; [   archive_estcstar] org.apache.solr.core.CoreContainer; registering core: archive_estcstar
INFO  - 2017-07-12 18:31:51.633; [   ] org.apache.solr.servlet.SolrDispatchFilter; user.dir=/Users/adeelkamalmalik/Downloads/solr-5.2.0/server
INFO  - 2017-07-12 18:31:51.634; [   ] org.apache.solr.servlet.SolrDispatchFilter; SolrDispatchFilter.init() done
INFO  - 2017-07-12 18:31:51.646; [   ] org.eclipse.jetty.server.handler.ContextHandler; Started o.e.j.w.WebAppContext@6767c1fc{/solr,file:/Users/adeelkamalmalik/Downloads/solr-5.2.0/server/solr-webapp/webapp/,AVAILABLE}{/solr.war}
INFO  - 2017-07-12 18:31:51.664; [   ] org.eclipse.jetty.server.AbstractConnector; Started ServerConnector@2cf3d63b{HTTP/1.1}{0.0.0.0:8983}
INFO  - 2017-07-12 18:31:51.665; [   ] org.eclipse.jetty.server.Server; Started @3284ms
INFO  - 2017-07-12 18:31:51.676; [   archive_estcstar] org.apache.solr.core.SolrCore; [archive_estcstar] webapp=null path=null params={q=static+firstSearcher+warming+in+solrconfig.xml&distrib=false&event=firstSearcher} hits=479 status=0 QTime=64 
INFO  - 2017-07-12 18:31:51.685; [   archive_estcstar] org.apache.solr.core.QuerySenderListener; QuerySenderListener done.
INFO  - 2017-07-12 18:31:51.686; [   archive_estcstar] org.apache.solr.handler.component.SpellCheckComponent$SpellCheckerListener; Loading spell index for spellchecker: spellcheck
INFO  - 2017-07-12 18:31:51.686; [   archive_estcstar] org.apache.solr.spelling.suggest.Suggester; reload()
INFO  - 2017-07-12 18:31:51.686; [   archive_estcstar] org.apache.solr.spelling.suggest.Suggester; build()
INFO  - 2017-07-12 18:31:51.693; [   archive_estcstar] org.apache.solr.handler.component.SpellCheckComponent$SpellCheckerListener; Loading spell index for spellchecker: wordbreak
INFO  - 2017-07-12 18:31:51.693; [   archive_estcstar] org.apache.solr.handler.component.SuggestComponent$SuggesterListener; buildOnStartup: mySuggester
INFO  - 2017-07-12 18:31:51.693; [   archive_estcstar] org.apache.solr.spelling.suggest.SolrSuggester; SolrSuggester.build(mySuggester)
INFO  - 2017-07-12 18:31:51.743; [   archive_estcstar] org.apache.solr.core.SolrCore; [archive_estcstar] Registered new searcher Searcher@5b0971a0[archive_estcstar] main{ExitableDirectoryReader(UninvertingDirectoryReader(Uninverting(_a(5.2.0):C695)))}
INFO  - 2017-07-12 18:31:59.602; [   ] org.apache.solr.servlet.HttpSolrCall; [admin] webapp=null path=/admin/cores params={indexInfo=false&wt=json&_=1499884319592} status=0 QTime=4 
INFO  - 2017-07-12 18:31:59.695; [   ] org.apache.solr.servlet.HttpSolrCall; [admin] webapp=null path=/admin/info/system params={wt=json&_=1499884319655} status=0 QTime=36 
INFO  - 2017-07-12 18:32:01.629; [   archive_estcstar] org.apache.solr.core.SolrCore; [archive_estcstar] webapp=/solr path=/admin/file params={file=admin-extra.menu-top.html&contentType=text/html;charset%3Dutf-8&_=1499884321595} status=0 QTime=6 
INFO  - 2017-07-12 18:32:01.629; [   archive_estcstar] org.apache.solr.core.SolrCore; [archive_estcstar] webapp=/solr path=/admin/file params={file=admin-extra.menu-bottom.html&contentType=text/html;charset%3Dutf-8&_=1499884321596} status=0 QTime=5 
INFO  - 2017-07-12 18:32:01.649; [   archive_estcstar] org.apache.solr.core.SolrCore; [archive_estcstar] webapp=/solr path=/admin/luke params={show=index&numTerms=0&wt=json&_=1499884321634} status=0 QTime=2 
INFO  - 2017-07-12 18:32:01.652; [   archive_estcstar] org.apache.solr.core.SolrCore; [archive_estcstar] webapp=/solr path=/replication params={wt=json&command=details&_=1499884321644} status=0 QTime=3 
INFO  - 2017-07-12 18:32:01.662; [   archive_estcstar] org.apache.solr.core.SolrCore; [archive_estcstar] webapp=/solr path=/admin/file params={file=admin-extra.html&_=1499884321652} status=0 QTime=1 
INFO  - 2017-07-12 18:32:01.667; [   archive_estcstar] org.apache.solr.core.SolrCore; [archive_estcstar] webapp=/solr path=/admin/ping params={action=status&wt=json&_=1499884321657} status=503 QTime=2 
INFO  - 2017-07-12 18:32:01.672; [   archive_estcstar] org.apache.solr.core.SolrCore; [archive_estcstar] webapp=/solr path=/admin/system params={wt=json&_=1499884321646} status=0 QTime=18 
