WARNING: System properties and/or JVM args set.  Consider using --dry-run or --exec
0    [main] INFO  org.eclipse.jetty.util.log  [   ] – Logging initialized @356ms
207  [main] INFO  org.eclipse.jetty.server.Server  [   ] – jetty-9.2.10.v20150310
229  [main] WARN  org.eclipse.jetty.server.handler.RequestLogHandler  [   ] – !RequestLog
233  [main] INFO  org.eclipse.jetty.deploy.providers.ScanningAppProvider  [   ] – Deployment monitor [file:/Users/adeelkamalmalik/Downloads/solr-5.2.0/server/contexts/] at interval 0
714  [main] INFO  org.eclipse.jetty.webapp.StandardDescriptorProcessor  [   ] – NO JSP Support for /solr, did not find org.apache.jasper.servlet.JspServlet
732  [main] WARN  org.eclipse.jetty.security.SecurityHandler  [   ] – ServletContext@o.e.j.w.WebAppContext@6767c1fc{/solr,file:/Users/adeelkamalmalik/Downloads/solr-5.2.0/server/solr-webapp/webapp/,STARTING}{/solr.war} has uncovered http methods for path: /
753  [main] INFO  org.apache.solr.servlet.SolrDispatchFilter  [   ] – SolrDispatchFilter.init()WebAppClassLoader=94345706@59f99ea
765  [main] INFO  org.apache.solr.core.SolrResourceLoader  [   ] – JNDI not configured for solr (NoInitialContextEx)
765  [main] INFO  org.apache.solr.core.SolrResourceLoader  [   ] – using system property solr.solr.home: /Users/adeelkamalmalik/Downloads/solr-5.2.0/server/solr
766  [main] INFO  org.apache.solr.core.SolrResourceLoader  [   ] – new SolrResourceLoader for directory: '/Users/adeelkamalmalik/Downloads/solr-5.2.0/server/solr/'
886  [main] INFO  org.apache.solr.core.SolrXmlConfig  [   ] – Loading container configuration from /Users/adeelkamalmalik/Downloads/solr-5.2.0/server/solr/solr.xml
958  [main] INFO  org.apache.solr.core.CoresLocator  [   ] – Config-defined core root directory: /Users/adeelkamalmalik/Downloads/solr-5.2.0/server/solr
979  [main] INFO  org.apache.solr.core.CoreContainer  [   ] – New CoreContainer 1939990953
980  [main] INFO  org.apache.solr.core.CoreContainer  [   ] – Loading cores into CoreContainer [instanceDir=/Users/adeelkamalmalik/Downloads/solr-5.2.0/server/solr/]
980  [main] INFO  org.apache.solr.core.CoreContainer  [   ] – loading shared library: /Users/adeelkamalmalik/Downloads/solr-5.2.0/server/solr/lib
981  [main] WARN  org.apache.solr.core.SolrResourceLoader  [   ] – Can't find (or read) directory to add to classloader: lib (resolved as: /Users/adeelkamalmalik/Downloads/solr-5.2.0/server/solr/lib).
1002 [main] INFO  org.apache.solr.handler.component.HttpShardHandlerFactory  [   ] – created with socketTimeout : 600000,connTimeout : 60000,maxConnectionsPerHost : 20,maxConnections : 10000,corePoolSize : 0,maximumPoolSize : 2147483647,maxThreadIdleTime : 5,sizeOfQueue : -1,fairnessPolicy : false,useRetries : false,
1298 [main] INFO  org.apache.solr.update.UpdateShardHandler  [   ] – Creating UpdateShardHandler HTTP client with params: socketTimeout=600000&connTimeout=60000&retry=true
1300 [main] INFO  org.apache.solr.logging.LogWatcher  [   ] – SLF4J impl is org.slf4j.impl.Log4jLoggerFactory
1302 [main] INFO  org.apache.solr.logging.LogWatcher  [   ] – Registering Log Listener [Log4j (org.slf4j.impl.Log4jLoggerFactory)]
1303 [main] INFO  org.apache.solr.core.CoreContainer  [   ] – Node Name: 
1303 [main] INFO  org.apache.solr.core.CoreContainer  [   ] – No authentication plugin used.
1332 [main] INFO  org.apache.solr.core.CoresLocator  [   ] – Looking for core definitions underneath /Users/adeelkamalmalik/Downloads/solr-5.2.0/server/solr
1351 [main] INFO  org.apache.solr.core.SolrCore  [   ] – CORE DESCRIPTOR: {name=archive_estcstar, config=solrconfig.xml, instanceDir=/Users/adeelkamalmalik/Downloads/solr-5.2.0/server/solr/archives, loadOnStartup=true, absoluteInstDir=/Users/adeelkamalmalik/Downloads/solr-5.2.0/server/solr/archives/, schema=schema.xml, transient=false, dataDir=archive_estcstar}
1352 [main] INFO  org.apache.solr.core.CoresLocator  [   ] – Found core archive_estcstar in /Users/adeelkamalmalik/Downloads/solr-5.2.0/server/solr/archives/
1356 [main] INFO  org.apache.solr.core.CoresLocator  [   ] – Found 1 core definitions
1359 [coreLoadExecutor-5-thread-1] INFO  org.apache.solr.core.SolrResourceLoader  [   ] – new SolrResourceLoader for directory: '/Users/adeelkamalmalik/Downloads/solr-5.2.0/server/solr/archives/'
1431 [coreLoadExecutor-5-thread-1] INFO  org.apache.solr.core.SolrConfig  [   ] – current version of requestparams : -1
1436 [coreLoadExecutor-5-thread-1] INFO  org.apache.solr.core.SolrConfig  [   ] – Adding specified lib dirs to ClassLoader
1438 [coreLoadExecutor-5-thread-1] INFO  org.apache.solr.core.SolrResourceLoader  [   ] – Adding 'file:/Users/adeelkamalmalik/Downloads/solr-5.2.0/dist/solr-dataimporthandler-5.2.0.jar' to classloader
1438 [coreLoadExecutor-5-thread-1] INFO  org.apache.solr.core.SolrResourceLoader  [   ] – Adding 'file:/Users/adeelkamalmalik/Downloads/solr-5.2.0/dist/solr-dataimporthandler-extras-5.2.0.jar' to classloader
1439 [coreLoadExecutor-5-thread-1] INFO  org.apache.solr.core.SolrResourceLoader  [   ] – Adding 'file:/Users/adeelkamalmalik/Downloads/solr-5.2.0/contrib/extraction/lib/apache-mime4j-core-0.7.2.jar' to classloader
1440 [coreLoadExecutor-5-thread-1] INFO  org.apache.solr.core.SolrResourceLoader  [   ] – Adding 'file:/Users/adeelkamalmalik/Downloads/solr-5.2.0/contrib/extraction/lib/apache-mime4j-dom-0.7.2.jar' to classloader
1440 [coreLoadExecutor-5-thread-1] INFO  org.apache.solr.core.SolrResourceLoader  [   ] – Adding 'file:/Users/adeelkamalmalik/Downloads/solr-5.2.0/contrib/extraction/lib/aspectjrt-1.8.0.jar' to classloader
1440 [coreLoadExecutor-5-thread-1] INFO  org.apache.solr.core.SolrResourceLoader  [   ] – Adding 'file:/Users/adeelkamalmalik/Downloads/solr-5.2.0/contrib/extraction/lib/bcmail-jdk15-1.45.jar' to classloader
1441 [coreLoadExecutor-5-thread-1] INFO  org.apache.solr.core.SolrResourceLoader  [   ] – Adding 'file:/Users/adeelkamalmalik/Downloads/solr-5.2.0/contrib/extraction/lib/bcprov-jdk15-1.45.jar' to classloader
1441 [coreLoadExecutor-5-thread-1] INFO  org.apache.solr.core.SolrResourceLoader  [   ] – Adding 'file:/Users/adeelkamalmalik/Downloads/solr-5.2.0/contrib/extraction/lib/boilerpipe-1.1.0.jar' to classloader
1441 [coreLoadExecutor-5-thread-1] INFO  org.apache.solr.core.SolrResourceLoader  [   ] – Adding 'file:/Users/adeelkamalmalik/Downloads/solr-5.2.0/contrib/extraction/lib/commons-compress-1.8.1.jar' to classloader
1441 [coreLoadExecutor-5-thread-1] INFO  org.apache.solr.core.SolrResourceLoader  [   ] – Adding 'file:/Users/adeelkamalmalik/Downloads/solr-5.2.0/contrib/extraction/lib/fontbox-1.8.8.jar' to classloader
1441 [coreLoadExecutor-5-thread-1] INFO  org.apache.solr.core.SolrResourceLoader  [   ] – Adding 'file:/Users/adeelkamalmalik/Downloads/solr-5.2.0/contrib/extraction/lib/icu4j-54.1.jar' to classloader
1442 [coreLoadExecutor-5-thread-1] INFO  org.apache.solr.core.SolrResourceLoader  [   ] – Adding 'file:/Users/adeelkamalmalik/Downloads/solr-5.2.0/contrib/extraction/lib/isoparser-1.0.2.jar' to classloader
1442 [coreLoadExecutor-5-thread-1] INFO  org.apache.solr.core.SolrResourceLoader  [   ] – Adding 'file:/Users/adeelkamalmalik/Downloads/solr-5.2.0/contrib/extraction/lib/java-libpst-0.8.1.jar' to classloader
1442 [coreLoadExecutor-5-thread-1] INFO  org.apache.solr.core.SolrResourceLoader  [   ] – Adding 'file:/Users/adeelkamalmalik/Downloads/solr-5.2.0/contrib/extraction/lib/jdom-1.0.jar' to classloader
1442 [coreLoadExecutor-5-thread-1] INFO  org.apache.solr.core.SolrResourceLoader  [   ] – Adding 'file:/Users/adeelkamalmalik/Downloads/solr-5.2.0/contrib/extraction/lib/jempbox-1.8.8.jar' to classloader
1442 [coreLoadExecutor-5-thread-1] INFO  org.apache.solr.core.SolrResourceLoader  [   ] – Adding 'file:/Users/adeelkamalmalik/Downloads/solr-5.2.0/contrib/extraction/lib/jmatio-1.0.jar' to classloader
1443 [coreLoadExecutor-5-thread-1] INFO  org.apache.solr.core.SolrResourceLoader  [   ] – Adding 'file:/Users/adeelkamalmalik/Downloads/solr-5.2.0/contrib/extraction/lib/juniversalchardet-1.0.3.jar' to classloader
1443 [coreLoadExecutor-5-thread-1] INFO  org.apache.solr.core.SolrResourceLoader  [   ] – Adding 'file:/Users/adeelkamalmalik/Downloads/solr-5.2.0/contrib/extraction/lib/metadata-extractor-2.6.2.jar' to classloader
1443 [coreLoadExecutor-5-thread-1] INFO  org.apache.solr.core.SolrResourceLoader  [   ] – Adding 'file:/Users/adeelkamalmalik/Downloads/solr-5.2.0/contrib/extraction/lib/pdfbox-1.8.8.jar' to classloader
1443 [coreLoadExecutor-5-thread-1] INFO  org.apache.solr.core.SolrResourceLoader  [   ] – Adding 'file:/Users/adeelkamalmalik/Downloads/solr-5.2.0/contrib/extraction/lib/poi-3.11.jar' to classloader
1444 [coreLoadExecutor-5-thread-1] INFO  org.apache.solr.core.SolrResourceLoader  [   ] – Adding 'file:/Users/adeelkamalmalik/Downloads/solr-5.2.0/contrib/extraction/lib/poi-ooxml-3.11.jar' to classloader
1444 [coreLoadExecutor-5-thread-1] INFO  org.apache.solr.core.SolrResourceLoader  [   ] – Adding 'file:/Users/adeelkamalmalik/Downloads/solr-5.2.0/contrib/extraction/lib/poi-ooxml-schemas-3.11.jar' to classloader
1444 [coreLoadExecutor-5-thread-1] INFO  org.apache.solr.core.SolrResourceLoader  [   ] – Adding 'file:/Users/adeelkamalmalik/Downloads/solr-5.2.0/contrib/extraction/lib/poi-scratchpad-3.11.jar' to classloader
1444 [coreLoadExecutor-5-thread-1] INFO  org.apache.solr.core.SolrResourceLoader  [   ] – Adding 'file:/Users/adeelkamalmalik/Downloads/solr-5.2.0/contrib/extraction/lib/rome-1.0.jar' to classloader
1445 [coreLoadExecutor-5-thread-1] INFO  org.apache.solr.core.SolrResourceLoader  [   ] – Adding 'file:/Users/adeelkamalmalik/Downloads/solr-5.2.0/contrib/extraction/lib/tagsoup-1.2.1.jar' to classloader
1445 [coreLoadExecutor-5-thread-1] INFO  org.apache.solr.core.SolrResourceLoader  [   ] – Adding 'file:/Users/adeelkamalmalik/Downloads/solr-5.2.0/contrib/extraction/lib/tika-core-1.7.jar' to classloader
1445 [coreLoadExecutor-5-thread-1] INFO  org.apache.solr.core.SolrResourceLoader  [   ] – Adding 'file:/Users/adeelkamalmalik/Downloads/solr-5.2.0/contrib/extraction/lib/tika-java7-1.7.jar' to classloader
1445 [coreLoadExecutor-5-thread-1] INFO  org.apache.solr.core.SolrResourceLoader  [   ] – Adding 'file:/Users/adeelkamalmalik/Downloads/solr-5.2.0/contrib/extraction/lib/tika-parsers-1.7.jar' to classloader
1446 [coreLoadExecutor-5-thread-1] INFO  org.apache.solr.core.SolrResourceLoader  [   ] – Adding 'file:/Users/adeelkamalmalik/Downloads/solr-5.2.0/contrib/extraction/lib/tika-xmp-1.7.jar' to classloader
1446 [coreLoadExecutor-5-thread-1] INFO  org.apache.solr.core.SolrResourceLoader  [   ] – Adding 'file:/Users/adeelkamalmalik/Downloads/solr-5.2.0/contrib/extraction/lib/vorbis-java-core-0.6.jar' to classloader
1446 [coreLoadExecutor-5-thread-1] INFO  org.apache.solr.core.SolrResourceLoader  [   ] – Adding 'file:/Users/adeelkamalmalik/Downloads/solr-5.2.0/contrib/extraction/lib/vorbis-java-tika-0.6.jar' to classloader
1446 [coreLoadExecutor-5-thread-1] INFO  org.apache.solr.core.SolrResourceLoader  [   ] – Adding 'file:/Users/adeelkamalmalik/Downloads/solr-5.2.0/contrib/extraction/lib/xercesImpl-2.9.1.jar' to classloader
1446 [coreLoadExecutor-5-thread-1] INFO  org.apache.solr.core.SolrResourceLoader  [   ] – Adding 'file:/Users/adeelkamalmalik/Downloads/solr-5.2.0/contrib/extraction/lib/xmlbeans-2.6.0.jar' to classloader
1446 [coreLoadExecutor-5-thread-1] INFO  org.apache.solr.core.SolrResourceLoader  [   ] – Adding 'file:/Users/adeelkamalmalik/Downloads/solr-5.2.0/contrib/extraction/lib/xmpcore-5.1.2.jar' to classloader
1447 [coreLoadExecutor-5-thread-1] INFO  org.apache.solr.core.SolrResourceLoader  [   ] – Adding 'file:/Users/adeelkamalmalik/Downloads/solr-5.2.0/contrib/extraction/lib/xz-1.5.jar' to classloader
1447 [coreLoadExecutor-5-thread-1] INFO  org.apache.solr.core.SolrResourceLoader  [   ] – Adding 'file:/Users/adeelkamalmalik/Downloads/solr-5.2.0/dist/solr-cell-5.2.0.jar' to classloader
1448 [coreLoadExecutor-5-thread-1] INFO  org.apache.solr.core.SolrResourceLoader  [   ] – Adding 'file:/Users/adeelkamalmalik/Downloads/solr-5.2.0/contrib/clustering/lib/attributes-binder-1.2.1.jar' to classloader
1448 [coreLoadExecutor-5-thread-1] INFO  org.apache.solr.core.SolrResourceLoader  [   ] – Adding 'file:/Users/adeelkamalmalik/Downloads/solr-5.2.0/contrib/clustering/lib/carrot2-mini-3.9.0.jar' to classloader
1448 [coreLoadExecutor-5-thread-1] INFO  org.apache.solr.core.SolrResourceLoader  [   ] – Adding 'file:/Users/adeelkamalmalik/Downloads/solr-5.2.0/contrib/clustering/lib/hppc-0.5.2.jar' to classloader
1449 [coreLoadExecutor-5-thread-1] INFO  org.apache.solr.core.SolrResourceLoader  [   ] – Adding 'file:/Users/adeelkamalmalik/Downloads/solr-5.2.0/contrib/clustering/lib/jackson-core-asl-1.9.13.jar' to classloader
1449 [coreLoadExecutor-5-thread-1] INFO  org.apache.solr.core.SolrResourceLoader  [   ] – Adding 'file:/Users/adeelkamalmalik/Downloads/solr-5.2.0/contrib/clustering/lib/jackson-mapper-asl-1.9.13.jar' to classloader
1449 [coreLoadExecutor-5-thread-1] INFO  org.apache.solr.core.SolrResourceLoader  [   ] – Adding 'file:/Users/adeelkamalmalik/Downloads/solr-5.2.0/contrib/clustering/lib/mahout-collections-1.0.jar' to classloader
1449 [coreLoadExecutor-5-thread-1] INFO  org.apache.solr.core.SolrResourceLoader  [   ] – Adding 'file:/Users/adeelkamalmalik/Downloads/solr-5.2.0/contrib/clustering/lib/mahout-math-0.6.jar' to classloader
1449 [coreLoadExecutor-5-thread-1] INFO  org.apache.solr.core.SolrResourceLoader  [   ] – Adding 'file:/Users/adeelkamalmalik/Downloads/solr-5.2.0/contrib/clustering/lib/simple-xml-2.7.jar' to classloader
1450 [coreLoadExecutor-5-thread-1] INFO  org.apache.solr.core.SolrResourceLoader  [   ] – Adding 'file:/Users/adeelkamalmalik/Downloads/solr-5.2.0/dist/solr-clustering-5.2.0.jar' to classloader
1451 [coreLoadExecutor-5-thread-1] INFO  org.apache.solr.core.SolrResourceLoader  [   ] – Adding 'file:/Users/adeelkamalmalik/Downloads/solr-5.2.0/contrib/langid/lib/jsonic-1.2.7.jar' to classloader
1451 [coreLoadExecutor-5-thread-1] INFO  org.apache.solr.core.SolrResourceLoader  [   ] – Adding 'file:/Users/adeelkamalmalik/Downloads/solr-5.2.0/contrib/langid/lib/langdetect-1.1-20120112.jar' to classloader
1452 [coreLoadExecutor-5-thread-1] INFO  org.apache.solr.core.SolrResourceLoader  [   ] – Adding 'file:/Users/adeelkamalmalik/Downloads/solr-5.2.0/dist/solr-langid-5.2.0.jar' to classloader
1452 [coreLoadExecutor-5-thread-1] INFO  org.apache.solr.core.SolrResourceLoader  [   ] – Adding 'file:/Users/adeelkamalmalik/Downloads/solr-5.2.0/contrib/velocity/lib/commons-beanutils-1.8.3.jar' to classloader
1453 [coreLoadExecutor-5-thread-1] INFO  org.apache.solr.core.SolrResourceLoader  [   ] – Adding 'file:/Users/adeelkamalmalik/Downloads/solr-5.2.0/contrib/velocity/lib/commons-collections-3.2.1.jar' to classloader
1453 [coreLoadExecutor-5-thread-1] INFO  org.apache.solr.core.SolrResourceLoader  [   ] – Adding 'file:/Users/adeelkamalmalik/Downloads/solr-5.2.0/contrib/velocity/lib/velocity-1.7.jar' to classloader
1453 [coreLoadExecutor-5-thread-1] INFO  org.apache.solr.core.SolrResourceLoader  [   ] – Adding 'file:/Users/adeelkamalmalik/Downloads/solr-5.2.0/contrib/velocity/lib/velocity-tools-2.0.jar' to classloader
1453 [coreLoadExecutor-5-thread-1] INFO  org.apache.solr.core.SolrResourceLoader  [   ] – Adding 'file:/Users/adeelkamalmalik/Downloads/solr-5.2.0/dist/solr-velocity-5.2.0.jar' to classloader
1534 [coreLoadExecutor-5-thread-1] INFO  org.apache.solr.update.SolrIndexConfig  [   ] – IndexWriter infoStream solr logging is enabled
1542 [coreLoadExecutor-5-thread-1] INFO  org.apache.solr.core.SolrConfig  [   ] – Using Lucene MatchVersion: 5.2.0
1690 [coreLoadExecutor-5-thread-1] INFO  org.apache.solr.core.Config  [   ] – Loaded SolrConfig: solrconfig.xml
1700 [coreLoadExecutor-5-thread-1] INFO  org.apache.solr.schema.IndexSchema  [   ] – Reading Solr Schema from /Users/adeelkamalmalik/Downloads/solr-5.2.0/server/solr/archives/conf/schema.xml
1781 [coreLoadExecutor-5-thread-1] INFO  org.apache.solr.schema.IndexSchema  [   ] – [archive_estcstar] Schema name=example-DIH-solr
2234 [coreLoadExecutor-5-thread-1] WARN  org.apache.solr.core.SolrResourceLoader  [   ] – Solr loaded a deprecated plugin/analysis class [solr.ThaiWordFilterFactory]. Please consult documentation how to replace it accordingly.
2273 [coreLoadExecutor-5-thread-1] INFO  org.apache.solr.schema.IndexSchema  [   ] – unique key field: uri
2349 [coreLoadExecutor-5-thread-1] INFO  org.apache.solr.schema.FileExchangeRateProvider  [   ] – Reloading exchange rates from file currency.xml
2357 [coreLoadExecutor-5-thread-1] INFO  org.apache.solr.schema.FileExchangeRateProvider  [   ] – Reloading exchange rates from file currency.xml
2445 [coreLoadExecutor-5-thread-1] INFO  org.apache.solr.core.CoreContainer  [   ] – Creating SolrCore 'archive_estcstar' using configuration from instancedir /Users/adeelkamalmalik/Downloads/solr-5.2.0/server/solr/archives/
2447 [coreLoadExecutor-5-thread-1] INFO  org.apache.solr.core.SolrCore  [   archive_estcstar] – solr.NRTCachingDirectoryFactory
2466 [coreLoadExecutor-5-thread-1] INFO  org.apache.solr.core.SolrCore  [   archive_estcstar] – [[archive_estcstar] ] Opening new SolrCore at [/Users/adeelkamalmalik/Downloads/solr-5.2.0/server/solr/archives/], dataDir=[null]
2468 [coreLoadExecutor-5-thread-1] INFO  org.apache.solr.core.JmxMonitoredMap  [   archive_estcstar] – No JMX servers found, not exposing Solr information with JMX.
2473 [coreLoadExecutor-5-thread-1] INFO  org.apache.solr.core.SolrCore  [   archive_estcstar] – [[archive_estcstar] ] Added SolrEventListener for newSearcher: [org.apache.solr.core.QuerySenderListener{queries=[]}]
2475 [coreLoadExecutor-5-thread-1] INFO  org.apache.solr.core.SolrCore  [   archive_estcstar] – [[archive_estcstar] ] Added SolrEventListener for firstSearcher: [org.apache.solr.core.QuerySenderListener{queries=[{q=static firstSearcher warming in solrconfig.xml}]}]
2499 [coreLoadExecutor-5-thread-1] INFO  org.apache.solr.core.CachingDirectoryFactory  [   archive_estcstar] – return new directory for /Users/adeelkamalmalik/Downloads/solr-5.2.0/server/solr/archives/archive_estcstar
2500 [coreLoadExecutor-5-thread-1] INFO  org.apache.solr.core.SolrCore  [   archive_estcstar] – New index directory detected: old=null new=/Users/adeelkamalmalik/Downloads/solr-5.2.0/server/solr/archives/archive_estcstar/index/
2500 [coreLoadExecutor-5-thread-1] INFO  org.apache.solr.core.CachingDirectoryFactory  [   archive_estcstar] – return new directory for /Users/adeelkamalmalik/Downloads/solr-5.2.0/server/solr/archives/archive_estcstar/index
2516 [coreLoadExecutor-5-thread-1] INFO  org.apache.solr.core.PluginBag  [   archive_estcstar] – queryResponseWriter : 'velocity' created with startup=lazy 
2518 [coreLoadExecutor-5-thread-1] INFO  org.apache.solr.response.XSLTResponseWriter  [   archive_estcstar] – xsltCacheLifetimeSeconds=5
2616 [coreLoadExecutor-5-thread-1] INFO  org.apache.solr.core.SolrCore  [   archive_estcstar] – no updateRequestProcessorChain defined as default, creating implicit default
2656 [coreLoadExecutor-5-thread-1] INFO  org.apache.solr.handler.loader.XMLLoader  [   archive_estcstar] – xsltCacheLifetimeSeconds=60
2658 [coreLoadExecutor-5-thread-1] INFO  org.apache.solr.handler.loader.XMLLoader  [   archive_estcstar] – xsltCacheLifetimeSeconds=60
2660 [coreLoadExecutor-5-thread-1] INFO  org.apache.solr.handler.loader.XMLLoader  [   archive_estcstar] – xsltCacheLifetimeSeconds=60
2661 [coreLoadExecutor-5-thread-1] INFO  org.apache.solr.handler.loader.XMLLoader  [   archive_estcstar] – xsltCacheLifetimeSeconds=60
2688 [coreLoadExecutor-5-thread-1] INFO  org.apache.solr.core.PluginBag  [   archive_estcstar] – requestHandler : '/update/extract' created with startup=lazy 
2688 [coreLoadExecutor-5-thread-1] INFO  org.apache.solr.core.PluginBag  [   archive_estcstar] – requestHandler : '/analysis/field' created with startup=lazy 
2688 [coreLoadExecutor-5-thread-1] INFO  org.apache.solr.core.PluginBag  [   archive_estcstar] – requestHandler : '/analysis/document' created with startup=lazy 
2690 [coreLoadExecutor-5-thread-1] INFO  org.apache.solr.core.PluginBag  [   archive_estcstar] – requestHandler : '/suggest' created with startup=lazy 
2690 [coreLoadExecutor-5-thread-1] INFO  org.apache.solr.core.PluginBag  [   archive_estcstar] – requestHandler : '/tvrh' created with startup=lazy 
2690 [coreLoadExecutor-5-thread-1] INFO  org.apache.solr.core.PluginBag  [   archive_estcstar] – requestHandler : '/terms' created with startup=lazy 
2691 [coreLoadExecutor-5-thread-1] INFO  org.apache.solr.core.PluginBag  [   archive_estcstar] – requestHandler : '/elevate' created with startup=lazy 
2691 [coreLoadExecutor-5-thread-1] INFO  org.apache.solr.core.RequestHandlers  [   archive_estcstar] – Registered paths: /admin/mbeans,/browse,/spellchecker,/update/json/docs,/admin/luke,/get,/admin/properties,/elevate,/update/json,/admin/threads,/query,/analysis/field,/analysis/document,/update/csv,/tvrh,/select,/admin/segments,/admin/system,/suggest,/replication,/config,/schema,/admin/plugins,/admin/logging,/admin/ping,/update,/admin/file,/debug/dump,/terms,/dataimport,/update/extract
2693 [coreLoadExecutor-5-thread-1] INFO  org.apache.solr.core.SolrCore  [   archive_estcstar] – Using default statsCache cache: org.apache.solr.search.stats.LocalStatsCache
2701 [coreLoadExecutor-5-thread-1] INFO  org.apache.solr.update.UpdateHandler  [   archive_estcstar] – Using UpdateLog implementation: org.apache.solr.update.UpdateLog
2702 [coreLoadExecutor-5-thread-1] INFO  org.apache.solr.update.UpdateLog  [   archive_estcstar] – Initializing UpdateLog: dataDir= defaultSyncLevel=FLUSH numRecordsToKeep=100 maxNumLogsToKeep=10 numVersionBuckets=65536
2716 [coreLoadExecutor-5-thread-1] INFO  org.apache.solr.core.SolrCore  [   archive_estcstar] – Hard AutoCommit: if uncommited for 15000ms; 
2716 [coreLoadExecutor-5-thread-1] INFO  org.apache.solr.core.SolrCore  [   archive_estcstar] – Soft AutoCommit: disabled
2752 [coreLoadExecutor-5-thread-1] INFO  org.apache.solr.core.SolrCore  [   archive_estcstar] – SolrDeletionPolicy.onInit: commits: num=1
	commit{dir=NRTCachingDirectory(MMapDirectory@/Users/adeelkamalmalik/Downloads/solr-5.2.0/server/solr/archives/archive_estcstar/index lockFactory=org.apache.lucene.store.NativeFSLockFactory@6f859bb5; maxCacheMB=48.0 maxMergeSizeMB=4.0),segFN=segments_m,generation=22}
2753 [coreLoadExecutor-5-thread-1] INFO  org.apache.solr.core.SolrCore  [   archive_estcstar] – newest commit generation = 22
2790 [coreLoadExecutor-5-thread-1] INFO  org.apache.solr.search.SolrIndexSearcher  [   archive_estcstar] – Opening Searcher@5b0971a0[archive_estcstar] main
2796 [coreLoadExecutor-5-thread-1] INFO  org.apache.solr.rest.ManagedResourceStorage  [   archive_estcstar] – File-based storage initialized to use dir: /Users/adeelkamalmalik/Downloads/solr-5.2.0/server/solr/archives/conf
2797 [coreLoadExecutor-5-thread-1] INFO  org.apache.solr.rest.RestManager  [   archive_estcstar] – Initializing RestManager with initArgs: {storageDir=/Users/adeelkamalmalik/Downloads/solr-5.2.0/server/solr/archives/conf}
2808 [coreLoadExecutor-5-thread-1] INFO  org.apache.solr.rest.ManagedResourceStorage  [   archive_estcstar] – Reading _rest_managed.json using file:dir=/Users/adeelkamalmalik/Downloads/solr-5.2.0/server/solr/archives/conf
2809 [coreLoadExecutor-5-thread-1] INFO  org.apache.solr.rest.RestManager  [   archive_estcstar] – Initializing 0 registered ManagedResources
2820 [coreLoadExecutor-5-thread-1] INFO  org.apache.solr.handler.component.SpellCheckComponent  [   archive_estcstar] – Initializing spell checkers
2823 [coreLoadExecutor-5-thread-1] INFO  org.apache.solr.spelling.suggest.Suggester  [   archive_estcstar] – init: {name=spellcheck,field=name_autocomplete,classname=org.apache.solr.spelling.suggest.Suggester,lookupImpl=org.apache.solr.spelling.suggest.tst.TSTLookupFactory,distanceMeasure=internal,accuracy=0.5,maxEdits=2,minPrefix=1,maxInspections=5,minQueryLength=4,maxQueryFrequency=0.01}
2833 [coreLoadExecutor-5-thread-1] INFO  org.apache.solr.handler.component.SpellCheckComponent  [   archive_estcstar] – No queryConverter defined, using default converter
2836 [coreLoadExecutor-5-thread-1] INFO  org.apache.solr.handler.component.SuggestComponent  [   archive_estcstar] – Initializing SuggestComponent
2838 [coreLoadExecutor-5-thread-1] INFO  org.apache.solr.spelling.suggest.SolrSuggester  [   archive_estcstar] – init: {name=mySuggester,lookupImpl=FuzzyLookupFactory,dictionaryImpl=DocumentDictionaryFactory,field=cat,weightField=price,suggestAnalyzerFieldType=string}
2853 [coreLoadExecutor-5-thread-1] INFO  org.apache.solr.spelling.suggest.SolrSuggester  [   archive_estcstar] – Dictionary loaded with params: {name=mySuggester,lookupImpl=FuzzyLookupFactory,dictionaryImpl=DocumentDictionaryFactory,field=cat,weightField=price,suggestAnalyzerFieldType=string}
2853 [coreLoadExecutor-5-thread-1] INFO  org.apache.solr.handler.component.SuggestComponent  [   archive_estcstar] – Registering searcher listener for suggester: mySuggester - SuggesterListener [core=org.apache.solr.core.SolrCore@128fd319, suggester=SolrSuggester [ name=mySuggester, sourceLocation=null, storeDir=, lookupImpl=FuzzyLookupFactory, dictionaryImpl=DocumentDictionaryFactory, sizeInBytes=0 ], buildOnCommit=false, buildOnOptimize=false, buildOnStartup=true, isCoreReload=false]
2854 [coreLoadExecutor-5-thread-1] INFO  org.apache.solr.handler.component.QueryElevationComponent  [   archive_estcstar] – Loading QueryElevation from: /Users/adeelkamalmalik/Downloads/solr-5.2.0/server/solr/archives/conf/elevate.xml
2865 [coreLoadExecutor-5-thread-1] INFO  org.apache.solr.handler.ReplicationHandler  [   archive_estcstar] – Commits will be reserved for  10000
2870 [searcherExecutor-6-thread-1-processing-{core=archive_estcstar}] INFO  org.apache.solr.core.SolrCore  [   archive_estcstar] – QuerySenderListener sending requests to Searcher@5b0971a0[archive_estcstar] main{ExitableDirectoryReader(UninvertingDirectoryReader(Uninverting(_a(5.2.0):C695)))}
2872 [coreLoadExecutor-5-thread-1] INFO  org.apache.solr.update.UpdateLog  [   archive_estcstar] – Looking up max value of version field to seed version buckets
2873 [coreLoadExecutor-5-thread-1] INFO  org.apache.solr.update.VersionInfo  [   archive_estcstar] – Refreshing highest value of _version_ for 65536 version buckets from index
2888 [coreLoadExecutor-5-thread-1] INFO  org.apache.solr.update.VersionInfo  [   archive_estcstar] – Found MAX value 1572644021296168960 from Terms for _version_ in index
2892 [coreLoadExecutor-5-thread-1] INFO  org.apache.solr.update.UpdateLog  [   archive_estcstar] – Took 20 ms to seed version buckets with highest version 1572644021296168960
2893 [coreLoadExecutor-5-thread-1] INFO  org.apache.solr.core.CoreContainer  [   archive_estcstar] – registering core: archive_estcstar
2894 [main] INFO  org.apache.solr.servlet.SolrDispatchFilter  [   ] – user.dir=/Users/adeelkamalmalik/Downloads/solr-5.2.0/server
2895 [main] INFO  org.apache.solr.servlet.SolrDispatchFilter  [   ] – SolrDispatchFilter.init() done
2907 [main] INFO  org.eclipse.jetty.server.handler.ContextHandler  [   ] – Started o.e.j.w.WebAppContext@6767c1fc{/solr,file:/Users/adeelkamalmalik/Downloads/solr-5.2.0/server/solr-webapp/webapp/,AVAILABLE}{/solr.war}
2925 [main] INFO  org.eclipse.jetty.server.ServerConnector  [   ] – Started ServerConnector@2cf3d63b{HTTP/1.1}{0.0.0.0:8983}
2926 [main] INFO  org.eclipse.jetty.server.Server  [   ] – Started @3284ms
2937 [searcherExecutor-6-thread-1-processing-{core=archive_estcstar}] INFO  org.apache.solr.core.SolrCore.Request  [   archive_estcstar] – [archive_estcstar] webapp=null path=null params={q=static+firstSearcher+warming+in+solrconfig.xml&distrib=false&event=firstSearcher} hits=479 status=0 QTime=64 
2946 [searcherExecutor-6-thread-1-processing-{core=archive_estcstar}] INFO  org.apache.solr.core.SolrCore  [   archive_estcstar] – QuerySenderListener done.
2947 [searcherExecutor-6-thread-1-processing-{core=archive_estcstar}] INFO  org.apache.solr.handler.component.SpellCheckComponent  [   archive_estcstar] – Loading spell index for spellchecker: spellcheck
2947 [searcherExecutor-6-thread-1-processing-{core=archive_estcstar}] INFO  org.apache.solr.spelling.suggest.Suggester  [   archive_estcstar] – reload()
2947 [searcherExecutor-6-thread-1-processing-{core=archive_estcstar}] INFO  org.apache.solr.spelling.suggest.Suggester  [   archive_estcstar] – build()
2954 [searcherExecutor-6-thread-1-processing-{core=archive_estcstar}] INFO  org.apache.solr.handler.component.SpellCheckComponent  [   archive_estcstar] – Loading spell index for spellchecker: wordbreak
2954 [searcherExecutor-6-thread-1-processing-{core=archive_estcstar}] INFO  org.apache.solr.handler.component.SuggestComponent  [   archive_estcstar] – buildOnStartup: mySuggester
2954 [searcherExecutor-6-thread-1-processing-{core=archive_estcstar}] INFO  org.apache.solr.spelling.suggest.SolrSuggester  [   archive_estcstar] – SolrSuggester.build(mySuggester)
3004 [searcherExecutor-6-thread-1-processing-{core=archive_estcstar}] INFO  org.apache.solr.core.SolrCore  [   archive_estcstar] – [archive_estcstar] Registered new searcher Searcher@5b0971a0[archive_estcstar] main{ExitableDirectoryReader(UninvertingDirectoryReader(Uninverting(_a(5.2.0):C695)))}
10863 [qtp2036368507-13] INFO  org.apache.solr.servlet.SolrDispatchFilter  [   ] – [admin] webapp=null path=/admin/cores params={indexInfo=false&wt=json&_=1499884319592} status=0 QTime=4 
10956 [qtp2036368507-14] INFO  org.apache.solr.servlet.SolrDispatchFilter  [   ] – [admin] webapp=null path=/admin/info/system params={wt=json&_=1499884319655} status=0 QTime=36 
12890 [qtp2036368507-21] INFO  org.apache.solr.core.SolrCore.Request  [   archive_estcstar] – [archive_estcstar] webapp=/solr path=/admin/file params={file=admin-extra.menu-top.html&contentType=text/html;charset%3Dutf-8&_=1499884321595} status=0 QTime=6 
12890 [qtp2036368507-20] INFO  org.apache.solr.core.SolrCore.Request  [   archive_estcstar] – [archive_estcstar] webapp=/solr path=/admin/file params={file=admin-extra.menu-bottom.html&contentType=text/html;charset%3Dutf-8&_=1499884321596} status=0 QTime=5 
12910 [qtp2036368507-13] INFO  org.apache.solr.core.SolrCore.Request  [   archive_estcstar] – [archive_estcstar] webapp=/solr path=/admin/luke params={show=index&numTerms=0&wt=json&_=1499884321634} status=0 QTime=2 
12913 [qtp2036368507-15] INFO  org.apache.solr.core.SolrCore.Request  [   archive_estcstar] – [archive_estcstar] webapp=/solr path=/replication params={wt=json&command=details&_=1499884321644} status=0 QTime=3 
12923 [qtp2036368507-12] INFO  org.apache.solr.core.SolrCore.Request  [   archive_estcstar] – [archive_estcstar] webapp=/solr path=/admin/file params={file=admin-extra.html&_=1499884321652} status=0 QTime=1 
12928 [qtp2036368507-19] INFO  org.apache.solr.core.SolrCore.Request  [   archive_estcstar] – [archive_estcstar] webapp=/solr path=/admin/ping params={action=status&wt=json&_=1499884321657} status=503 QTime=2 
12933 [qtp2036368507-14] INFO  org.apache.solr.core.SolrCore.Request  [   archive_estcstar] – [archive_estcstar] webapp=/solr path=/admin/system params={wt=json&_=1499884321646} status=0 QTime=18 
